TN:
SF:src/worker/actions/filterData.action.ts
FN:3,(anonymous_0)
FN:12,(anonymous_1)
FNF:2
FNH:2
FNDA:3,(anonymous_0)
FNDA:6,(anonymous_1)
DA:3,1
DA:7,3
DA:8,1
DA:11,2
DA:12,6
LF:5
LH:5
BRDA:7,0,0,1
BRDA:7,0,1,2
BRDA:7,1,0,3
BRDA:7,1,1,2
BRF:4
BRH:4
end_of_record
TN:
SF:src/worker/actions/httpEnrich.action.ts
FN:1,(anonymous_0)
FNF:1
FNH:1
FNDA:3,(anonymous_0)
DA:1,1
DA:11,3
DA:12,1
DA:15,2
DA:23,2
DA:24,1
DA:27,1
DA:29,1
LF:8
LH:8
BRDA:11,0,0,1
BRDA:11,0,1,2
BRDA:11,1,0,3
BRDA:11,1,1,2
BRDA:16,2,0,2
BRDA:16,2,1,2
BRDA:23,3,0,1
BRDA:23,3,1,1
BRF:8
BRH:8
end_of_record
TN:
SF:src/worker/actions/transformFormat.action.ts
FN:5,(anonymous_0)
FNF:1
FNH:1
FNDA:3,(anonymous_0)
DA:5,1
DA:9,3
DA:10,1
DA:14,2
DA:15,2
DA:16,4
DA:17,3
DA:20,2
LF:8
LH:8
BRDA:9,0,0,1
BRDA:9,0,1,2
BRDA:9,1,0,3
BRDA:9,1,1,2
BRDA:16,2,0,3
BRDA:16,2,1,1
BRF:6
BRH:6
end_of_record
